Darknet path dir = /home/zq610/WYZ/workspace/darknet_ws/src/darknet_ros/darknet
[36m--[0m CUDA Version:
[36m--[0m CUDA Libararies: /usr/local/cuda-8.0/lib64/libcudart_static.a;-lpthread;dl;/usr/lib/x86_64-linux-gnu/librt.so
[36m--[0m Searching for X11...
[36m--[0m  X11_INCLUDE_DIR: /usr/include
[36m--[0m  X11_LIBRARIES: /usr/lib/x86_64-linux-gnu/libSM.so/usr/lib/x86_64-linux-gnu/libICE.so/usr/lib/x86_64-linux-gnu/libX11.so/usr/lib/x86_64-linux-gnu/libXext.so
[36m--[0m Boost version: 1.58.0
[36m--[0m Found the following Boost libraries:
[36m--[0m   thread
[36m--[0m   chrono
[36m--[0m   system
[36m--[0m   date_time
[36m--[0m   atomic
[36m--[0m Using CATKIN_DEVEL_PREFIX: /home/zq610/WYZ/workspace/darknet_ws/devel/.private/darknet_ros
[36m--[0m Using CMAKE_PREFIX_PATH: /home/zq610/WYZ/workspace/darknet_ws/devel;/home/zq610/WYZ/workspace/dronet_ws/devel;/opt/ros/kinetic
[36m--[0m This workspace overlays: /home/zq610/WYZ/workspace/darknet_ws/devel;/home/zq610/WYZ/workspace/dronet_ws/devel;/opt/ros/kinetic
[36m--[0m Using PYTHON_EXECUTABLE: /usr/bin/python
[36m--[0m Using Debian Python package layout
[36m--[0m Using empy: /usr/bin/empy
[36m--[0m Using CATKIN_ENABLE_TESTING: ON
[36m--[0m Call enable_testing()
[36m--[0m Using CATKIN_TEST_RESULTS_DIR: /home/zq610/WYZ/workspace/darknet_ws/build/darknet_ros/test_results
[36m--[0m Found gmock sources under '/usr/src/gmock': gmock will be built
[36m--[0m Found gtest sources under '/usr/src/gmock': gtests will be built
[36m--[0m Using Python nosetests: /usr/bin/nosetests-2.7
[36m--[0m catkin 0.7.14
[36m--[0m Using these message generators: gencpp;geneus;genlisp;gennodejs;genpy
[36m--[0m Configuring done
[33m[1mCMake Warning[0m at /usr/share/cmake-3.5/Modules/FindCUDA.cmake:1649 (add_library):
  Cannot generate a safe runtime search path for target darknet_ros_lib
  because files in some directories may conflict with libraries in implicit
  directories:

    runtime library [libboost_signals.so.1.58.0] in /usr/lib/x86_64-linux-gnu may be hidden by files in:
      /usr/local/lib
    runtime library [libboost_regex.so.1.58.0] in /usr/lib/x86_64-linux-gnu may be hidden by files in:
      /usr/local/lib
    runtime library [libboost_filesystem.so.1.58.0] in /usr/lib/x86_64-linux-gnu may be hidden by files in:
      /usr/local/lib
    runtime library [libboost_program_options.so.1.58.0] in /usr/lib/x86_64-linux-gnu may be hidden by files in:
      /usr/local/lib
    runtime library [libboost_system.so.1.58.0] in /usr/lib/x86_64-linux-gnu may be hidden by files in:
      /usr/local/lib
    runtime library [libboost_thread.so.1.58.0] in /usr/lib/x86_64-linux-gnu may be hidden by files in:
      /usr/local/lib
    runtime library [libboost_chrono.so.1.58.0] in /usr/lib/x86_64-linux-gnu may be hidden by files in:
      /usr/local/lib
    runtime library [libboost_date_time.so.1.58.0] in /usr/lib/x86_64-linux-gnu may be hidden by files in:
      /usr/local/lib
    runtime library [libboost_atomic.so.1.58.0] in /usr/lib/x86_64-linux-gnu may be hidden by files in:
      /usr/local/lib

  Some of these libraries may not be found correctly.
[36mCall Stack (most recent call first):[0m
  CMakeLists.txt:91 (cuda_add_library)


[33m[1mCMake Warning[0m at /usr/share/cmake-3.5/Modules/FindCUDA.cmake:1693 (add_executable):
  Cannot generate a safe runtime search path for target darknet_ros because
  files in some directories may conflict with libraries in implicit
  directories:

    runtime library [libboost_signals.so.1.58.0] in /usr/lib/x86_64-linux-gnu may be hidden by files in:
      /usr/local/lib
    runtime library [libboost_regex.so.1.58.0] in /usr/lib/x86_64-linux-gnu may be hidden by files in:
      /usr/local/lib
    runtime library [libboost_filesystem.so.1.58.0] in /usr/lib/x86_64-linux-gnu may be hidden by files in:
      /usr/local/lib
    runtime library [libboost_program_options.so.1.58.0] in /usr/lib/x86_64-linux-gnu may be hidden by files in:
      /usr/local/lib
    runtime library [libboost_system.so.1.58.0] in /usr/lib/x86_64-linux-gnu may be hidden by files in:
      /usr/local/lib
    runtime library [libboost_thread.so.1.58.0] in /usr/lib/x86_64-linux-gnu may be hidden by files in:
      /usr/local/lib
    runtime library [libboost_chrono.so.1.58.0] in /usr/lib/x86_64-linux-gnu may be hidden by files in:
      /usr/local/lib
    runtime library [libboost_date_time.so.1.58.0] in /usr/lib/x86_64-linux-gnu may be hidden by files in:
      /usr/local/lib
    runtime library [libboost_atomic.so.1.58.0] in /usr/lib/x86_64-linux-gnu may be hidden by files in:
      /usr/local/lib

  Some of these libraries may not be found correctly.
[36mCall Stack (most recent call first):[0m
  CMakeLists.txt:149 (cuda_add_executable)


[36m--[0m Generating done
[36m--[0m Build files have been written to: /home/zq610/WYZ/workspace/darknet_ws/build/darknet_ros
