In file included from [01m[K/home/zq610/WYZ/download/env/boost_1_58_0/boost/smart_ptr/shared_ptr.hpp:28:0[m[K,
                 from [01m[K/home/zq610/WYZ/download/env/boost_1_58_0/boost/shared_ptr.hpp:17[m[K,
                 from [01m[K/home/zq610/WYZ/download/env/boost_1_58_0/boost/format/alt_sstream.hpp:21[m[K,
                 from [01m[K/home/zq610/WYZ/download/env/boost_1_58_0/boost/format/internals.hpp:23[m[K,
                 from [01m[K/home/zq610/WYZ/download/env/boost_1_58_0/boost/format.hpp:38[m[K,
                 from [01m[K/home/zq610/WYZ/download/env/boost_1_58_0/boost/math/policies/error_handling.hpp:31[m[K,
                 from [01m[K/home/zq610/WYZ/download/env/boost_1_58_0/boost/math/special_functions/round.hpp:14[m[K,
                 from [01m[K/opt/ros/kinetic/include/ros/time.h:58[m[K,
                 from [01m[K/opt/ros/kinetic/include/ros/ros.h:38[m[K,
                 from [01m[K/home/zq610/WYZ/workspace/darknet_ws/src/darknet_ros/darknet_ros/test/test_main.cpp:4[m[K:
[01m[K/home/zq610/WYZ/download/env/boost_1_58_0/boost/smart_ptr/detail/shared_count.hpp:395:33:[m[K [01;35m[Kwarning: [m[K‘[01m[Ktemplate<class> class std::auto_ptr[m[K’ is deprecated [-Wdeprecated-declarations]
     explicit shared_count( std::auto_ptr<Y> & r ): pi_( new sp_counted_impl_p<Y>( r.get() ) )
[01;32m[K                                 ^[m[K
In file included from [01m[K/usr/include/c++/5/bits/locale_conv.h:41:0[m[K,
                 from [01m[K/usr/include/c++/5/locale:43[m[K,
                 from [01m[K/usr/include/c++/5/iomanip:43[m[K,
                 from [01m[K/usr/include/gtest/internal/gtest-internal.h:56[m[K,
                 from [01m[K/usr/include/gtest/gtest.h:58[m[K,
                 from [01m[K/home/zq610/WYZ/workspace/darknet_ws/src/darknet_ros/darknet_ros/test/test_main.cpp:1[m[K:
[01m[K/usr/include/c++/5/bits/unique_ptr.h:49:28:[m[K [01;36m[Knote: [m[Kdeclared here
   template<typename> class auto_ptr;
[01;32m[K                            ^[m[K
In file included from [01m[K/home/zq610/WYZ/download/env/boost_1_58_0/boost/shared_ptr.hpp:17:0[m[K,
                 from [01m[K/home/zq610/WYZ/download/env/boost_1_58_0/boost/format/alt_sstream.hpp:21[m[K,
                 from [01m[K/home/zq610/WYZ/download/env/boost_1_58_0/boost/format/internals.hpp:23[m[K,
                 from [01m[K/home/zq610/WYZ/download/env/boost_1_58_0/boost/format.hpp:38[m[K,
                 from [01m[K/home/zq610/WYZ/download/env/boost_1_58_0/boost/math/policies/error_handling.hpp:31[m[K,
                 from [01m[K/home/zq610/WYZ/download/env/boost_1_58_0/boost/math/special_functions/round.hpp:14[m[K,
                 from [01m[K/opt/ros/kinetic/include/ros/time.h:58[m[K,
                 from [01m[K/opt/ros/kinetic/include/ros/ros.h:38[m[K,
                 from [01m[K/home/zq610/WYZ/workspace/darknet_ws/src/darknet_ros/darknet_ros/test/test_main.cpp:4[m[K:
[01m[K/home/zq610/WYZ/download/env/boost_1_58_0/boost/smart_ptr/shared_ptr.hpp:242:65:[m[K [01;35m[Kwarning: [m[K‘[01m[Ktemplate<class> class std::auto_ptr[m[K’ is deprecated [-Wdeprecated-declarations]
 template< class T, class R > struct sp_enable_if_auto_ptr< std::auto_ptr< T >, R >
[01;32m[K                                                                 ^[m[K
In file included from [01m[K/usr/include/c++/5/bits/locale_conv.h:41:0[m[K,
                 from [01m[K/usr/include/c++/5/locale:43[m[K,
                 from [01m[K/usr/include/c++/5/iomanip:43[m[K,
                 from [01m[K/usr/include/gtest/internal/gtest-internal.h:56[m[K,
                 from [01m[K/usr/include/gtest/gtest.h:58[m[K,
                 from [01m[K/home/zq610/WYZ/workspace/darknet_ws/src/darknet_ros/darknet_ros/test/test_main.cpp:1[m[K:
[01m[K/usr/include/c++/5/bits/unique_ptr.h:49:28:[m[K [01;36m[Knote: [m[Kdeclared here
   template<typename> class auto_ptr;
[01;32m[K                            ^[m[K
In file included from [01m[K/home/zq610/WYZ/download/env/boost_1_58_0/boost/shared_ptr.hpp:17:0[m[K,
                 from [01m[K/home/zq610/WYZ/download/env/boost_1_58_0/boost/format/alt_sstream.hpp:21[m[K,
                 from [01m[K/home/zq610/WYZ/download/env/boost_1_58_0/boost/format/internals.hpp:23[m[K,
                 from [01m[K/home/zq610/WYZ/download/env/boost_1_58_0/boost/format.hpp:38[m[K,
                 from [01m[K/home/zq610/WYZ/download/env/boost_1_58_0/boost/math/policies/error_handling.hpp:31[m[K,
                 from [01m[K/home/zq610/WYZ/download/env/boost_1_58_0/boost/math/special_functions/round.hpp:14[m[K,
                 from [01m[K/opt/ros/kinetic/include/ros/time.h:58[m[K,
                 from [01m[K/opt/ros/kinetic/include/ros/ros.h:38[m[K,
                 from [01m[K/home/zq610/WYZ/workspace/darknet_ws/src/darknet_ros/darknet_ros/test/test_main.cpp:4[m[K:
[01m[K/home/zq610/WYZ/download/env/boost_1_58_0/boost/smart_ptr/shared_ptr.hpp:441:31:[m[K [01;35m[Kwarning: [m[K‘[01m[Ktemplate<class> class std::auto_ptr[m[K’ is deprecated [-Wdeprecated-declarations]
     explicit shared_ptr( std::auto_ptr<Y> & r ): px(r.get()), pn()
[01;32m[K                               ^[m[K
In file included from [01m[K/usr/include/c++/5/bits/locale_conv.h:41:0[m[K,
                 from [01m[K/usr/include/c++/5/locale:43[m[K,
                 from [01m[K/usr/include/c++/5/iomanip:43[m[K,
                 from [01m[K/usr/include/gtest/internal/gtest-internal.h:56[m[K,
                 from [01m[K/usr/include/gtest/gtest.h:58[m[K,
                 from [01m[K/home/zq610/WYZ/workspace/darknet_ws/src/darknet_ros/darknet_ros/test/test_main.cpp:1[m[K:
[01m[K/usr/include/c++/5/bits/unique_ptr.h:49:28:[m[K [01;36m[Knote: [m[Kdeclared here
   template<typename> class auto_ptr;
[01;32m[K                            ^[m[K
In file included from [01m[K/home/zq610/WYZ/download/env/boost_1_58_0/boost/shared_ptr.hpp:17:0[m[K,
                 from [01m[K/home/zq610/WYZ/download/env/boost_1_58_0/boost/format/alt_sstream.hpp:21[m[K,
                 from [01m[K/home/zq610/WYZ/download/env/boost_1_58_0/boost/format/internals.hpp:23[m[K,
                 from [01m[K/home/zq610/WYZ/download/env/boost_1_58_0/boost/format.hpp:38[m[K,
                 from [01m[K/home/zq610/WYZ/download/env/boost_1_58_0/boost/math/policies/error_handling.hpp:31[m[K,
                 from [01m[K/home/zq610/WYZ/download/env/boost_1_58_0/boost/math/special_functions/round.hpp:14[m[K,
                 from [01m[K/opt/ros/kinetic/include/ros/time.h:58[m[K,
                 from [01m[K/opt/ros/kinetic/include/ros/ros.h:38[m[K,
                 from [01m[K/home/zq610/WYZ/workspace/darknet_ws/src/darknet_ros/darknet_ros/test/test_main.cpp:4[m[K:
[01m[K/home/zq610/WYZ/download/env/boost_1_58_0/boost/smart_ptr/shared_ptr.hpp:454:22:[m[K [01;35m[Kwarning: [m[K‘[01m[Ktemplate<class> class std::auto_ptr[m[K’ is deprecated [-Wdeprecated-declarations]
     shared_ptr( std::auto_ptr<Y> && r ): px(r.get()), pn()
[01;32m[K                      ^[m[K
In file included from [01m[K/usr/include/c++/5/bits/locale_conv.h:41:0[m[K,
                 from [01m[K/usr/include/c++/5/locale:43[m[K,
                 from [01m[K/usr/include/c++/5/iomanip:43[m[K,
                 from [01m[K/usr/include/gtest/internal/gtest-internal.h:56[m[K,
                 from [01m[K/usr/include/gtest/gtest.h:58[m[K,
                 from [01m[K/home/zq610/WYZ/workspace/darknet_ws/src/darknet_ros/darknet_ros/test/test_main.cpp:1[m[K:
[01m[K/usr/include/c++/5/bits/unique_ptr.h:49:28:[m[K [01;36m[Knote: [m[Kdeclared here
   template<typename> class auto_ptr;
[01;32m[K                            ^[m[K
In file included from [01m[K/home/zq610/WYZ/download/env/boost_1_58_0/boost/shared_ptr.hpp:17:0[m[K,
                 from [01m[K/home/zq610/WYZ/download/env/boost_1_58_0/boost/format/alt_sstream.hpp:21[m[K,
                 from [01m[K/home/zq610/WYZ/download/env/boost_1_58_0/boost/format/internals.hpp:23[m[K,
                 from [01m[K/home/zq610/WYZ/download/env/boost_1_58_0/boost/format.hpp:38[m[K,
                 from [01m[K/home/zq610/WYZ/download/env/boost_1_58_0/boost/math/policies/error_handling.hpp:31[m[K,
                 from [01m[K/home/zq610/WYZ/download/env/boost_1_58_0/boost/math/special_functions/round.hpp:14[m[K,
                 from [01m[K/opt/ros/kinetic/include/ros/time.h:58[m[K,
                 from [01m[K/opt/ros/kinetic/include/ros/ros.h:38[m[K,
                 from [01m[K/home/zq610/WYZ/workspace/darknet_ws/src/darknet_ros/darknet_ros/test/test_main.cpp:4[m[K:
[01m[K/home/zq610/WYZ/download/env/boost_1_58_0/boost/smart_ptr/shared_ptr.hpp:520:34:[m[K [01;35m[Kwarning: [m[K‘[01m[Ktemplate<class> class std::auto_ptr[m[K’ is deprecated [-Wdeprecated-declarations]
     shared_ptr & operator=( std::auto_ptr<Y> & r )
[01;32m[K                                  ^[m[K
In file included from [01m[K/usr/include/c++/5/bits/locale_conv.h:41:0[m[K,
                 from [01m[K/usr/include/c++/5/locale:43[m[K,
                 from [01m[K/usr/include/c++/5/iomanip:43[m[K,
                 from [01m[K/usr/include/gtest/internal/gtest-internal.h:56[m[K,
                 from [01m[K/usr/include/gtest/gtest.h:58[m[K,
                 from [01m[K/home/zq610/WYZ/workspace/darknet_ws/src/darknet_ros/darknet_ros/test/test_main.cpp:1[m[K:
[01m[K/usr/include/c++/5/bits/unique_ptr.h:49:28:[m[K [01;36m[Knote: [m[Kdeclared here
   template<typename> class auto_ptr;
[01;32m[K                            ^[m[K
In file included from [01m[K/home/zq610/WYZ/download/env/boost_1_58_0/boost/shared_ptr.hpp:17:0[m[K,
                 from [01m[K/home/zq610/WYZ/download/env/boost_1_58_0/boost/format/alt_sstream.hpp:21[m[K,
                 from [01m[K/home/zq610/WYZ/download/env/boost_1_58_0/boost/format/internals.hpp:23[m[K,
                 from [01m[K/home/zq610/WYZ/download/env/boost_1_58_0/boost/format.hpp:38[m[K,
                 from [01m[K/home/zq610/WYZ/download/env/boost_1_58_0/boost/math/policies/error_handling.hpp:31[m[K,
                 from [01m[K/home/zq610/WYZ/download/env/boost_1_58_0/boost/math/special_functions/round.hpp:14[m[K,
                 from [01m[K/opt/ros/kinetic/include/ros/time.h:58[m[K,
                 from [01m[K/opt/ros/kinetic/include/ros/ros.h:38[m[K,
                 from [01m[K/home/zq610/WYZ/workspace/darknet_ws/src/darknet_ros/darknet_ros/test/test_main.cpp:4[m[K:
[01m[K/home/zq610/WYZ/download/env/boost_1_58_0/boost/smart_ptr/shared_ptr.hpp:529:34:[m[K [01;35m[Kwarning: [m[K‘[01m[Ktemplate<class> class std::auto_ptr[m[K’ is deprecated [-Wdeprecated-declarations]
     shared_ptr & operator=( std::auto_ptr<Y> && r )
[01;32m[K                                  ^[m[K
In file included from [01m[K/usr/include/c++/5/bits/locale_conv.h:41:0[m[K,
                 from [01m[K/usr/include/c++/5/locale:43[m[K,
                 from [01m[K/usr/include/c++/5/iomanip:43[m[K,
                 from [01m[K/usr/include/gtest/internal/gtest-internal.h:56[m[K,
                 from [01m[K/usr/include/gtest/gtest.h:58[m[K,
                 from [01m[K/home/zq610/WYZ/workspace/darknet_ws/src/darknet_ros/darknet_ros/test/test_main.cpp:1[m[K:
[01m[K/usr/include/c++/5/bits/unique_ptr.h:49:28:[m[K [01;36m[Knote: [m[Kdeclared here
   template<typename> class auto_ptr;
[01;32m[K                            ^[m[K
In file included from [01m[K/home/zq610/WYZ/download/env/boost_1_58_0/boost/shared_ptr.hpp:17:0[m[K,
                 from [01m[K/home/zq610/WYZ/download/env/boost_1_58_0/boost/format/alt_sstream.hpp:21[m[K,
                 from [01m[K/home/zq610/WYZ/download/env/boost_1_58_0/boost/format/internals.hpp:23[m[K,
                 from [01m[K/home/zq610/WYZ/download/env/boost_1_58_0/boost/format.hpp:38[m[K,
                 from [01m[K/home/zq610/WYZ/download/env/boost_1_58_0/boost/math/policies/error_handling.hpp:31[m[K,
                 from [01m[K/home/zq610/WYZ/download/env/boost_1_58_0/boost/math/special_functions/round.hpp:14[m[K,
                 from [01m[K/opt/ros/kinetic/include/ros/time.h:58[m[K,
                 from [01m[K/opt/ros/kinetic/include/ros/ros.h:38[m[K,
                 from [01m[K/home/zq610/WYZ/workspace/darknet_ws/src/darknet_ros/darknet_ros/test/test_main.cpp:4[m[K:
[01m[K/home/zq610/WYZ/download/env/boost_1_58_0/boost/smart_ptr/shared_ptr.hpp:[m[K In member function ‘[01m[Kboost::shared_ptr<T>& boost::shared_ptr<T>::operator=(std::auto_ptr<_Up>&&)[m[K’:
[01m[K/home/zq610/WYZ/download/env/boost_1_58_0/boost/smart_ptr/shared_ptr.hpp:531:38:[m[K [01;35m[Kwarning: [m[K‘[01m[Ktemplate<class> class std::auto_ptr[m[K’ is deprecated [-Wdeprecated-declarations]
         this_type( static_cast< std::auto_ptr<Y> && >( r ) ).swap( *this );
[01;32m[K                                      ^[m[K
In file included from [01m[K/usr/include/c++/5/bits/locale_conv.h:41:0[m[K,
                 from [01m[K/usr/include/c++/5/locale:43[m[K,
                 from [01m[K/usr/include/c++/5/iomanip:43[m[K,
                 from [01m[K/usr/include/gtest/internal/gtest-internal.h:56[m[K,
                 from [01m[K/usr/include/gtest/gtest.h:58[m[K,
                 from [01m[K/home/zq610/WYZ/workspace/darknet_ws/src/darknet_ros/darknet_ros/test/test_main.cpp:1[m[K:
[01m[K/usr/include/c++/5/bits/unique_ptr.h:49:28:[m[K [01;36m[Knote: [m[Kdeclared here
   template<typename> class auto_ptr;
[01;32m[K                            ^[m[K
In file included from [01m[K/home/zq610/WYZ/download/env/boost_1_58_0/boost/bind/mem_fn.hpp:25:0[m[K,
                 from [01m[K/home/zq610/WYZ/download/env/boost_1_58_0/boost/mem_fn.hpp:22[m[K,
                 from [01m[K/home/zq610/WYZ/download/env/boost_1_58_0/boost/function/detail/prologue.hpp:18[m[K,
                 from [01m[K/home/zq610/WYZ/download/env/boost_1_58_0/boost/function.hpp:24[m[K,
                 from [01m[K/opt/ros/kinetic/include/ros/forwards.h:40[m[K,
                 from [01m[K/opt/ros/kinetic/include/ros/common.h:37[m[K,
                 from [01m[K/opt/ros/kinetic/include/ros/ros.h:43[m[K,
                 from [01m[K/home/zq610/WYZ/workspace/darknet_ws/src/darknet_ros/darknet_ros/test/test_main.cpp:4[m[K:
[01m[K/home/zq610/WYZ/download/env/boost_1_58_0/boost/get_pointer.hpp:[m[K At global scope:
[01m[K/home/zq610/WYZ/download/env/boost_1_58_0/boost/get_pointer.hpp:27:40:[m[K [01;35m[Kwarning: [m[K‘[01m[Ktemplate<class> class std::auto_ptr[m[K’ is deprecated [-Wdeprecated-declarations]
 template<class T> T * get_pointer(std::auto_ptr<T> const& p)
[01;32m[K                                        ^[m[K
In file included from [01m[K/usr/include/c++/5/bits/locale_conv.h:41:0[m[K,
                 from [01m[K/usr/include/c++/5/locale:43[m[K,
                 from [01m[K/usr/include/c++/5/iomanip:43[m[K,
                 from [01m[K/usr/include/gtest/internal/gtest-internal.h:56[m[K,
                 from [01m[K/usr/include/gtest/gtest.h:58[m[K,
                 from [01m[K/home/zq610/WYZ/workspace/darknet_ws/src/darknet_ros/darknet_ros/test/test_main.cpp:1[m[K:
[01m[K/usr/include/c++/5/bits/unique_ptr.h:49:28:[m[K [01;36m[Knote: [m[Kdeclared here
   template<typename> class auto_ptr;
[01;32m[K                            ^[m[K
In file included from [01m[K/home/zq610/WYZ/download/env/boost_1_58_0/boost/smart_ptr/shared_ptr.hpp:28:0[m[K,
                 from [01m[K/home/zq610/WYZ/download/env/boost_1_58_0/boost/shared_ptr.hpp:17[m[K,
                 from [01m[K/home/zq610/WYZ/download/env/boost_1_58_0/boost/format/alt_sstream.hpp:21[m[K,
                 from [01m[K/home/zq610/WYZ/download/env/boost_1_58_0/boost/format/internals.hpp:23[m[K,
                 from [01m[K/home/zq610/WYZ/download/env/boost_1_58_0/boost/format.hpp:38[m[K,
                 from [01m[K/home/zq610/WYZ/download/env/boost_1_58_0/boost/math/policies/error_handling.hpp:31[m[K,
                 from [01m[K/home/zq610/WYZ/download/env/boost_1_58_0/boost/math/special_functions/round.hpp:14[m[K,
                 from [01m[K/opt/ros/kinetic/include/ros/time.h:58[m[K,
                 from [01m[K/opt/ros/kinetic/include/ros/ros.h:38[m[K,
                 from [01m[K/home/zq610/WYZ/workspace/darknet_ws/src/darknet_ros/darknet_ros/test/ObjectDetection.cpp:14[m[K:
[01m[K/home/zq610/WYZ/download/env/boost_1_58_0/boost/smart_ptr/detail/shared_count.hpp:395:33:[m[K [01;35m[Kwarning: [m[K‘[01m[Ktemplate<class> class std::auto_ptr[m[K’ is deprecated [-Wdeprecated-declarations]
     explicit shared_count( std::auto_ptr<Y> & r ): pi_( new sp_counted_impl_p<Y>( r.get() ) )
[01;32m[K                                 ^[m[K
In file included from [01m[K/usr/include/c++/5/bits/locale_conv.h:41:0[m[K,
                 from [01m[K/usr/include/c++/5/locale:43[m[K,
                 from [01m[K/usr/include/c++/5/iomanip:43[m[K,
                 from [01m[K/usr/include/gtest/internal/gtest-internal.h:56[m[K,
                 from [01m[K/usr/include/gtest/gtest.h:58[m[K,
                 from [01m[K/home/zq610/WYZ/workspace/darknet_ws/src/darknet_ros/darknet_ros/test/ObjectDetection.cpp:11[m[K:
[01m[K/usr/include/c++/5/bits/unique_ptr.h:49:28:[m[K [01;36m[Knote: [m[Kdeclared here
   template<typename> class auto_ptr;
[01;32m[K                            ^[m[K
In file included from [01m[K/home/zq610/WYZ/download/env/boost_1_58_0/boost/shared_ptr.hpp:17:0[m[K,
                 from [01m[K/home/zq610/WYZ/download/env/boost_1_58_0/boost/format/alt_sstream.hpp:21[m[K,
                 from [01m[K/home/zq610/WYZ/download/env/boost_1_58_0/boost/format/internals.hpp:23[m[K,
                 from [01m[K/home/zq610/WYZ/download/env/boost_1_58_0/boost/format.hpp:38[m[K,
                 from [01m[K/home/zq610/WYZ/download/env/boost_1_58_0/boost/math/policies/error_handling.hpp:31[m[K,
                 from [01m[K/home/zq610/WYZ/download/env/boost_1_58_0/boost/math/special_functions/round.hpp:14[m[K,
                 from [01m[K/opt/ros/kinetic/include/ros/time.h:58[m[K,
                 from [01m[K/opt/ros/kinetic/include/ros/ros.h:38[m[K,
                 from [01m[K/home/zq610/WYZ/workspace/darknet_ws/src/darknet_ros/darknet_ros/test/ObjectDetection.cpp:14[m[K:
[01m[K/home/zq610/WYZ/download/env/boost_1_58_0/boost/smart_ptr/shared_ptr.hpp:242:65:[m[K [01;35m[Kwarning: [m[K‘[01m[Ktemplate<class> class std::auto_ptr[m[K’ is deprecated [-Wdeprecated-declarations]
 template< class T, class R > struct sp_enable_if_auto_ptr< std::auto_ptr< T >, R >
[01;32m[K                                                                 ^[m[K
In file included from [01m[K/usr/include/c++/5/bits/locale_conv.h:41:0[m[K,
                 from [01m[K/usr/include/c++/5/locale:43[m[K,
                 from [01m[K/usr/include/c++/5/iomanip:43[m[K,
                 from [01m[K/usr/include/gtest/internal/gtest-internal.h:56[m[K,
                 from [01m[K/usr/include/gtest/gtest.h:58[m[K,
                 from [01m[K/home/zq610/WYZ/workspace/darknet_ws/src/darknet_ros/darknet_ros/test/ObjectDetection.cpp:11[m[K:
[01m[K/usr/include/c++/5/bits/unique_ptr.h:49:28:[m[K [01;36m[Knote: [m[Kdeclared here
   template<typename> class auto_ptr;
[01;32m[K                            ^[m[K
In file included from [01m[K/home/zq610/WYZ/download/env/boost_1_58_0/boost/shared_ptr.hpp:17:0[m[K,
                 from [01m[K/home/zq610/WYZ/download/env/boost_1_58_0/boost/format/alt_sstream.hpp:21[m[K,
                 from [01m[K/home/zq610/WYZ/download/env/boost_1_58_0/boost/format/internals.hpp:23[m[K,
                 from [01m[K/home/zq610/WYZ/download/env/boost_1_58_0/boost/format.hpp:38[m[K,
                 from [01m[K/home/zq610/WYZ/download/env/boost_1_58_0/boost/math/policies/error_handling.hpp:31[m[K,
                 from [01m[K/home/zq610/WYZ/download/env/boost_1_58_0/boost/math/special_functions/round.hpp:14[m[K,
                 from [01m[K/opt/ros/kinetic/include/ros/time.h:58[m[K,
                 from [01m[K/opt/ros/kinetic/include/ros/ros.h:38[m[K,
                 from [01m[K/home/zq610/WYZ/workspace/darknet_ws/src/darknet_ros/darknet_ros/test/ObjectDetection.cpp:14[m[K:
[01m[K/home/zq610/WYZ/download/env/boost_1_58_0/boost/smart_ptr/shared_ptr.hpp:441:31:[m[K [01;35m[Kwarning: [m[K‘[01m[Ktemplate<class> class std::auto_ptr[m[K’ is deprecated [-Wdeprecated-declarations]
     explicit shared_ptr( std::auto_ptr<Y> & r ): px(r.get()), pn()
[01;32m[K                               ^[m[K
In file included from [01m[K/usr/include/c++/5/bits/locale_conv.h:41:0[m[K,
                 from [01m[K/usr/include/c++/5/locale:43[m[K,
                 from [01m[K/usr/include/c++/5/iomanip:43[m[K,
                 from [01m[K/usr/include/gtest/internal/gtest-internal.h:56[m[K,
                 from [01m[K/usr/include/gtest/gtest.h:58[m[K,
                 from [01m[K/home/zq610/WYZ/workspace/darknet_ws/src/darknet_ros/darknet_ros/test/ObjectDetection.cpp:11[m[K:
[01m[K/usr/include/c++/5/bits/unique_ptr.h:49:28:[m[K [01;36m[Knote: [m[Kdeclared here
   template<typename> class auto_ptr;
[01;32m[K                            ^[m[K
In file included from [01m[K/home/zq610/WYZ/download/env/boost_1_58_0/boost/shared_ptr.hpp:17:0[m[K,
                 from [01m[K/home/zq610/WYZ/download/env/boost_1_58_0/boost/format/alt_sstream.hpp:21[m[K,
                 from [01m[K/home/zq610/WYZ/download/env/boost_1_58_0/boost/format/internals.hpp:23[m[K,
                 from [01m[K/home/zq610/WYZ/download/env/boost_1_58_0/boost/format.hpp:38[m[K,
                 from [01m[K/home/zq610/WYZ/download/env/boost_1_58_0/boost/math/policies/error_handling.hpp:31[m[K,
                 from [01m[K/home/zq610/WYZ/download/env/boost_1_58_0/boost/math/special_functions/round.hpp:14[m[K,
                 from [01m[K/opt/ros/kinetic/include/ros/time.h:58[m[K,
                 from [01m[K/opt/ros/kinetic/include/ros/ros.h:38[m[K,
                 from [01m[K/home/zq610/WYZ/workspace/darknet_ws/src/darknet_ros/darknet_ros/test/ObjectDetection.cpp:14[m[K:
[01m[K/home/zq610/WYZ/download/env/boost_1_58_0/boost/smart_ptr/shared_ptr.hpp:454:22:[m[K [01;35m[Kwarning: [m[K‘[01m[Ktemplate<class> class std::auto_ptr[m[K’ is deprecated [-Wdeprecated-declarations]
     shared_ptr( std::auto_ptr<Y> && r ): px(r.get()), pn()
[01;32m[K                      ^[m[K
In file included from [01m[K/usr/include/c++/5/bits/locale_conv.h:41:0[m[K,
                 from [01m[K/usr/include/c++/5/locale:43[m[K,
                 from [01m[K/usr/include/c++/5/iomanip:43[m[K,
                 from [01m[K/usr/include/gtest/internal/gtest-internal.h:56[m[K,
                 from [01m[K/usr/include/gtest/gtest.h:58[m[K,
                 from [01m[K/home/zq610/WYZ/workspace/darknet_ws/src/darknet_ros/darknet_ros/test/ObjectDetection.cpp:11[m[K:
[01m[K/usr/include/c++/5/bits/unique_ptr.h:49:28:[m[K [01;36m[Knote: [m[Kdeclared here
   template<typename> class auto_ptr;
[01;32m[K                            ^[m[K
In file included from [01m[K/home/zq610/WYZ/download/env/boost_1_58_0/boost/shared_ptr.hpp:17:0[m[K,
                 from [01m[K/home/zq610/WYZ/download/env/boost_1_58_0/boost/format/alt_sstream.hpp:21[m[K,
                 from [01m[K/home/zq610/WYZ/download/env/boost_1_58_0/boost/format/internals.hpp:23[m[K,
                 from [01m[K/home/zq610/WYZ/download/env/boost_1_58_0/boost/format.hpp:38[m[K,
                 from [01m[K/home/zq610/WYZ/download/env/boost_1_58_0/boost/math/policies/error_handling.hpp:31[m[K,
                 from [01m[K/home/zq610/WYZ/download/env/boost_1_58_0/boost/math/special_functions/round.hpp:14[m[K,
                 from [01m[K/opt/ros/kinetic/include/ros/time.h:58[m[K,
                 from [01m[K/opt/ros/kinetic/include/ros/ros.h:38[m[K,
                 from [01m[K/home/zq610/WYZ/workspace/darknet_ws/src/darknet_ros/darknet_ros/test/ObjectDetection.cpp:14[m[K:
[01m[K/home/zq610/WYZ/download/env/boost_1_58_0/boost/smart_ptr/shared_ptr.hpp:520:34:[m[K [01;35m[Kwarning: [m[K‘[01m[Ktemplate<class> class std::auto_ptr[m[K’ is deprecated [-Wdeprecated-declarations]
     shared_ptr & operator=( std::auto_ptr<Y> & r )
[01;32m[K                                  ^[m[K
In file included from [01m[K/usr/include/c++/5/bits/locale_conv.h:41:0[m[K,
                 from [01m[K/usr/include/c++/5/locale:43[m[K,
                 from [01m[K/usr/include/c++/5/iomanip:43[m[K,
                 from [01m[K/usr/include/gtest/internal/gtest-internal.h:56[m[K,
                 from [01m[K/usr/include/gtest/gtest.h:58[m[K,
                 from [01m[K/home/zq610/WYZ/workspace/darknet_ws/src/darknet_ros/darknet_ros/test/ObjectDetection.cpp:11[m[K:
[01m[K/usr/include/c++/5/bits/unique_ptr.h:49:28:[m[K [01;36m[Knote: [m[Kdeclared here
   template<typename> class auto_ptr;
[01;32m[K                            ^[m[K
In file included from [01m[K/home/zq610/WYZ/download/env/boost_1_58_0/boost/shared_ptr.hpp:17:0[m[K,
                 from [01m[K/home/zq610/WYZ/download/env/boost_1_58_0/boost/format/alt_sstream.hpp:21[m[K,
                 from [01m[K/home/zq610/WYZ/download/env/boost_1_58_0/boost/format/internals.hpp:23[m[K,
                 from [01m[K/home/zq610/WYZ/download/env/boost_1_58_0/boost/format.hpp:38[m[K,
                 from [01m[K/home/zq610/WYZ/download/env/boost_1_58_0/boost/math/policies/error_handling.hpp:31[m[K,
                 from [01m[K/home/zq610/WYZ/download/env/boost_1_58_0/boost/math/special_functions/round.hpp:14[m[K,
                 from [01m[K/opt/ros/kinetic/include/ros/time.h:58[m[K,
                 from [01m[K/opt/ros/kinetic/include/ros/ros.h:38[m[K,
                 from [01m[K/home/zq610/WYZ/workspace/darknet_ws/src/darknet_ros/darknet_ros/test/ObjectDetection.cpp:14[m[K:
[01m[K/home/zq610/WYZ/download/env/boost_1_58_0/boost/smart_ptr/shared_ptr.hpp:529:34:[m[K [01;35m[Kwarning: [m[K‘[01m[Ktemplate<class> class std::auto_ptr[m[K’ is deprecated [-Wdeprecated-declarations]
     shared_ptr & operator=( std::auto_ptr<Y> && r )
[01;32m[K                                  ^[m[K
In file included from [01m[K/usr/include/c++/5/bits/locale_conv.h:41:0[m[K,
                 from [01m[K/usr/include/c++/5/locale:43[m[K,
                 from [01m[K/usr/include/c++/5/iomanip:43[m[K,
                 from [01m[K/usr/include/gtest/internal/gtest-internal.h:56[m[K,
                 from [01m[K/usr/include/gtest/gtest.h:58[m[K,
                 from [01m[K/home/zq610/WYZ/workspace/darknet_ws/src/darknet_ros/darknet_ros/test/ObjectDetection.cpp:11[m[K:
[01m[K/usr/include/c++/5/bits/unique_ptr.h:49:28:[m[K [01;36m[Knote: [m[Kdeclared here
   template<typename> class auto_ptr;
[01;32m[K                            ^[m[K
In file included from [01m[K/home/zq610/WYZ/download/env/boost_1_58_0/boost/shared_ptr.hpp:17:0[m[K,
                 from [01m[K/home/zq610/WYZ/download/env/boost_1_58_0/boost/format/alt_sstream.hpp:21[m[K,
                 from [01m[K/home/zq610/WYZ/download/env/boost_1_58_0/boost/format/internals.hpp:23[m[K,
                 from [01m[K/home/zq610/WYZ/download/env/boost_1_58_0/boost/format.hpp:38[m[K,
                 from [01m[K/home/zq610/WYZ/download/env/boost_1_58_0/boost/math/policies/error_handling.hpp:31[m[K,
                 from [01m[K/home/zq610/WYZ/download/env/boost_1_58_0/boost/math/special_functions/round.hpp:14[m[K,
                 from [01m[K/opt/ros/kinetic/include/ros/time.h:58[m[K,
                 from [01m[K/opt/ros/kinetic/include/ros/ros.h:38[m[K,
                 from [01m[K/home/zq610/WYZ/workspace/darknet_ws/src/darknet_ros/darknet_ros/test/ObjectDetection.cpp:14[m[K:
[01m[K/home/zq610/WYZ/download/env/boost_1_58_0/boost/smart_ptr/shared_ptr.hpp:[m[K In member function ‘[01m[Kboost::shared_ptr<T>& boost::shared_ptr<T>::operator=(std::auto_ptr<_Up>&&)[m[K’:
[01m[K/home/zq610/WYZ/download/env/boost_1_58_0/boost/smart_ptr/shared_ptr.hpp:531:38:[m[K [01;35m[Kwarning: [m[K‘[01m[Ktemplate<class> class std::auto_ptr[m[K’ is deprecated [-Wdeprecated-declarations]
         this_type( static_cast< std::auto_ptr<Y> && >( r ) ).swap( *this );
[01;32m[K                                      ^[m[K
In file included from [01m[K/usr/include/c++/5/bits/locale_conv.h:41:0[m[K,
                 from [01m[K/usr/include/c++/5/locale:43[m[K,
                 from [01m[K/usr/include/c++/5/iomanip:43[m[K,
                 from [01m[K/usr/include/gtest/internal/gtest-internal.h:56[m[K,
                 from [01m[K/usr/include/gtest/gtest.h:58[m[K,
                 from [01m[K/home/zq610/WYZ/workspace/darknet_ws/src/darknet_ros/darknet_ros/test/ObjectDetection.cpp:11[m[K:
[01m[K/usr/include/c++/5/bits/unique_ptr.h:49:28:[m[K [01;36m[Knote: [m[Kdeclared here
   template<typename> class auto_ptr;
[01;32m[K                            ^[m[K
In file included from [01m[K/home/zq610/WYZ/download/env/boost_1_58_0/boost/bind/mem_fn.hpp:25:0[m[K,
                 from [01m[K/home/zq610/WYZ/download/env/boost_1_58_0/boost/mem_fn.hpp:22[m[K,
                 from [01m[K/home/zq610/WYZ/download/env/boost_1_58_0/boost/function/detail/prologue.hpp:18[m[K,
                 from [01m[K/home/zq610/WYZ/download/env/boost_1_58_0/boost/function.hpp:24[m[K,
                 from [01m[K/opt/ros/kinetic/include/ros/forwards.h:40[m[K,
                 from [01m[K/opt/ros/kinetic/include/ros/common.h:37[m[K,
                 from [01m[K/opt/ros/kinetic/include/ros/ros.h:43[m[K,
                 from [01m[K/home/zq610/WYZ/workspace/darknet_ws/src/darknet_ros/darknet_ros/test/ObjectDetection.cpp:14[m[K:
[01m[K/home/zq610/WYZ/download/env/boost_1_58_0/boost/get_pointer.hpp:[m[K At global scope:
[01m[K/home/zq610/WYZ/download/env/boost_1_58_0/boost/get_pointer.hpp:27:40:[m[K [01;35m[Kwarning: [m[K‘[01m[Ktemplate<class> class std::auto_ptr[m[K’ is deprecated [-Wdeprecated-declarations]
 template<class T> T * get_pointer(std::auto_ptr<T> const& p)
[01;32m[K                                        ^[m[K
In file included from [01m[K/usr/include/c++/5/bits/locale_conv.h:41:0[m[K,
                 from [01m[K/usr/include/c++/5/locale:43[m[K,
                 from [01m[K/usr/include/c++/5/iomanip:43[m[K,
                 from [01m[K/usr/include/gtest/internal/gtest-internal.h:56[m[K,
                 from [01m[K/usr/include/gtest/gtest.h:58[m[K,
                 from [01m[K/home/zq610/WYZ/workspace/darknet_ws/src/darknet_ros/darknet_ros/test/ObjectDetection.cpp:11[m[K:
[01m[K/usr/include/c++/5/bits/unique_ptr.h:49:28:[m[K [01;36m[Knote: [m[Kdeclared here
   template<typename> class auto_ptr;
[01;32m[K                            ^[m[K
In file included from [01m[K/home/zq610/WYZ/download/env/boost_1_58_0/boost/scoped_ptr.hpp:14:0[m[K,
                 from [01m[K/opt/ros/kinetic/include/actionlib/client/simple_action_client.h:40[m[K,
                 from [01m[K/home/zq610/WYZ/workspace/darknet_ws/src/darknet_ros/darknet_ros/test/ObjectDetection.cpp:17[m[K:
[01m[K/home/zq610/WYZ/download/env/boost_1_58_0/boost/smart_ptr/scoped_ptr.hpp:68:31:[m[K [01;35m[Kwarning: [m[K‘[01m[Ktemplate<class> class std::auto_ptr[m[K’ is deprecated [-Wdeprecated-declarations]
     explicit scoped_ptr( std::auto_ptr<T> p ) BOOST_NOEXCEPT : px( p.release() )
[01;32m[K                               ^[m[K
In file included from [01m[K/usr/include/c++/5/bits/locale_conv.h:41:0[m[K,
                 from [01m[K/usr/include/c++/5/locale:43[m[K,
                 from [01m[K/usr/include/c++/5/iomanip:43[m[K,
                 from [01m[K/usr/include/gtest/internal/gtest-internal.h:56[m[K,
                 from [01m[K/usr/include/gtest/gtest.h:58[m[K,
                 from [01m[K/home/zq610/WYZ/workspace/darknet_ws/src/darknet_ros/darknet_ros/test/ObjectDetection.cpp:11[m[K:
[01m[K/usr/include/c++/5/bits/unique_ptr.h:49:28:[m[K [01;36m[Knote: [m[Kdeclared here
   template<typename> class auto_ptr;
[01;32m[K                            ^[m[K
In file included from [01m[K/home/zq610/WYZ/download/env/boost_1_58_0/boost/thread/thread.hpp:13:0[m[K,
                 from [01m[K/home/zq610/WYZ/download/env/boost_1_58_0/boost/thread.hpp:13[m[K,
                 from [01m[K/opt/ros/kinetic/include/actionlib/managed_list.h:39[m[K,
                 from [01m[K/opt/ros/kinetic/include/actionlib/client/client_helpers.h:47[m[K,
                 from [01m[K/opt/ros/kinetic/include/actionlib/client/action_client.h:38[m[K,
                 from [01m[K/opt/ros/kinetic/include/actionlib/client/simple_action_client.h:47[m[K,
                 from [01m[K/home/zq610/WYZ/workspace/darknet_ws/src/darknet_ros/darknet_ros/test/ObjectDetection.cpp:17[m[K:
[01m[K/home/zq610/WYZ/download/env/boost_1_58_0/boost/thread/detail/thread_group.hpp:[m[K In member function ‘[01m[Kboost::thread* boost::thread_group::create_thread(F)[m[K’:
[01m[K/home/zq610/WYZ/download/env/boost_1_58_0/boost/thread/detail/thread_group.hpp:78:18:[m[K [01;35m[Kwarning: [m[K‘[01m[Ktemplate<class> class std::auto_ptr[m[K’ is deprecated [-Wdeprecated-declarations]
             std::auto_ptr<thread> new_thread(new thread(threadfunc));
[01;32m[K                  ^[m[K
In file included from [01m[K/usr/include/c++/5/bits/locale_conv.h:41:0[m[K,
                 from [01m[K/usr/include/c++/5/locale:43[m[K,
                 from [01m[K/usr/include/c++/5/iomanip:43[m[K,
                 from [01m[K/usr/include/gtest/internal/gtest-internal.h:56[m[K,
                 from [01m[K/usr/include/gtest/gtest.h:58[m[K,
                 from [01m[K/home/zq610/WYZ/workspace/darknet_ws/src/darknet_ros/darknet_ros/test/ObjectDetection.cpp:11[m[K:
[01m[K/usr/include/c++/5/bits/unique_ptr.h:49:28:[m[K [01;36m[Knote: [m[Kdeclared here
   template<typename> class auto_ptr;
[01;32m[K                            ^[m[K
layer     filters    size              input                output
    0 conv     32  3 x 3 / 1   416 x 416 x   3   ->   416 x 416 x  32  0.299 BFLOPs
    1 max          2 x 2 / 2   416 x 416 x  32   ->   208 x 208 x  32
    2 conv     64  3 x 3 / 1   208 x 208 x  32   ->   208 x 208 x  64  1.595 BFLOPs
    3 max          2 x 2 / 2   208 x 208 x  64   ->   104 x 104 x  64
    4 conv    128  3 x 3 / 1   104 x 104 x  64   ->   104 x 104 x 128  1.595 BFLOPs
    5 conv     64  1 x 1 / 1   104 x 104 x 128   ->   104 x 104 x  64  0.177 BFLOPs
    6 conv    128  3 x 3 / 1   104 x 104 x  64   ->   104 x 104 x 128  1.595 BFLOPs
    7 max          2 x 2 / 2   104 x 104 x 128   ->    52 x  52 x 128
    8 conv    256  3 x 3 / 1    52 x  52 x 128   ->    52 x  52 x 256  1.595 BFLOPs
    9 conv    128  1 x 1 / 1    52 x  52 x 256   ->    52 x  52 x 128  0.177 BFLOPs
   10 conv    256  3 x 3 / 1    52 x  52 x 128   ->    52 x  52 x 256  1.595 BFLOPs
   11 max          2 x 2 / 2    52 x  52 x 256   ->    26 x  26 x 256
   12 conv    512  3 x 3 / 1    26 x  26 x 256   ->    26 x  26 x 512  1.595 BFLOPs
   13 conv    256  1 x 1 / 1    26 x  26 x 512   ->    26 x  26 x 256  0.177 BFLOPs
   14 conv    512  3 x 3 / 1    26 x  26 x 256   ->    26 x  26 x 512  1.595 BFLOPs
   15 conv    256  1 x 1 / 1    26 x  26 x 512   ->    26 x  26 x 256  0.177 BFLOPs
   16 conv    512  3 x 3 / 1    26 x  26 x 256   ->    26 x  26 x 512  1.595 BFLOPs
   17 max          2 x 2 / 2    26 x  26 x 512   ->    13 x  13 x 512
   18 conv   1024  3 x 3 / 1    13 x  13 x 512   ->    13 x  13 x1024  1.595 BFLOPs
   19 conv    512  1 x 1 / 1    13 x  13 x1024   ->    13 x  13 x 512  0.177 BFLOPs
   20 conv   1024  3 x 3 / 1    13 x  13 x 512   ->    13 x  13 x1024  1.595 BFLOPs
   21 conv    512  1 x 1 / 1    13 x  13 x1024   ->    13 x  13 x 512  0.177 BFLOPs
   22 conv   1024  3 x 3 / 1    13 x  13 x 512   ->    13 x  13 x1024  1.595 BFLOPs
   23 conv   1024  3 x 3 / 1    13 x  13 x1024   ->    13 x  13 x1024  3.190 BFLOPs
   24 conv   1024  3 x 3 / 1    13 x  13 x1024   ->    13 x  13 x1024  3.190 BFLOPs
   25 route  16
   26 conv     64  1 x 1 / 1    26 x  26 x 512   ->    26 x  26 x  64  0.044 BFLOPs
   27 reorg              / 2    26 x  26 x  64   ->    13 x  13 x 256
   28 route  27 24
   29 conv   1024  3 x 3 / 1    13 x  13 x1280   ->    13 x  13 x1024  3.987 BFLOPs
   30 conv    425  1 x 1 / 1    13 x  13 x1024   ->    13 x  13 x 425  0.147 BFLOPs
   31 detection
mask_scale: Using default '1.000000'
Loading weights from /home/zq610/WYZ/workspace/darknet_ws/src/darknet_ros/darknet_ros/yolo_network_config/weights/yolov2.weights...Couldn't open file: /home/zq610/WYZ/workspace/darknet_ws/src/darknet_ros/darknet_ros/yolo_network_config/weights/yolov2.weights
