[36m--[0m Using CATKIN_DEVEL_PREFIX: /home/zq610/WYZ/workspace/darknet_ws/devel/.private/object_follower
[36m--[0m Using CMAKE_PREFIX_PATH: /home/zq610/WYZ/workspace/darknet_ws/devel;/home/zq610/WYZ/workspace/dronet_ws/devel;/opt/ros/kinetic
[36m--[0m This workspace overlays: /home/zq610/WYZ/workspace/darknet_ws/devel;/home/zq610/WYZ/workspace/dronet_ws/devel;/opt/ros/kinetic
[36m--[0m Using PYTHON_EXECUTABLE: /usr/bin/python
[36m--[0m Using Debian Python package layout
[36m--[0m Using empy: /usr/bin/empy
[36m--[0m Using CATKIN_ENABLE_TESTING: ON
[36m--[0m Call enable_testing()
[36m--[0m Using CATKIN_TEST_RESULTS_DIR: /home/zq610/WYZ/workspace/darknet_ws/build/object_follower/test_results
[36m--[0m Found gmock sources under '/usr/src/gmock': gmock will be built
[36m--[0m Found gtest sources under '/usr/src/gmock': gtests will be built
[36m--[0m Using Python nosetests: /usr/bin/nosetests-2.7
[36m--[0m catkin 0.7.14
[33m[1mCMake Warning[0m at /opt/ros/kinetic/share/catkin/cmake/catkinConfig.cmake:76 (find_package):
  Could not find a package configuration file provided by "darknet_ws" with
  any of the following names:

    darknet_wsConfig.cmake
    darknet_ws-config.cmake

  Add the installation prefix of "darknet_ws" to CMAKE_PREFIX_PATH or set
  "darknet_ws_DIR" to a directory containing one of the above files.  If
  "darknet_ws" provides a separate development package or SDK, be sure it has
  been installed.
[36mCall Stack (most recent call first):[0m
  CMakeLists.txt:10 (find_package)


[31m[1mCMake Error[0m at /opt/ros/kinetic/share/catkin/cmake/catkinConfig.cmake:83 (find_package):
  Could not find a package configuration file provided by "darknet_ws" with
  any of the following names:

    darknet_wsConfig.cmake
    darknet_ws-config.cmake

  Add the installation prefix of "darknet_ws" to CMAKE_PREFIX_PATH or set
  "darknet_ws_DIR" to a directory containing one of the above files.  If
  "darknet_ws" provides a separate development package or SDK, be sure it has
  been installed.
[36mCall Stack (most recent call first):[0m
  CMakeLists.txt:10 (find_package)


[36m--[0m Could not find the required component 'darknet_ws'. The following CMake error indicates that you either need to install the package with the same name or change your environment so that it can be found.
[36m--[0m Configuring incomplete, errors occurred!
See also "/home/zq610/WYZ/workspace/darknet_ws/build/object_follower/CMakeFiles/CMakeOutput.log".
See also "/home/zq610/WYZ/workspace/darknet_ws/build/object_follower/CMakeFiles/CMakeError.log".
Makefile:332: recipe for target 'cmake_check_build_system' failed
make: *** [cmake_check_build_system] Error 1
