[33m[1mCMake Warning[0m at /opt/ros/kinetic/share/catkin/cmake/catkinConfig.cmake:76 (find_package):
  Could not find a package configuration file provided by "darknet_ws" with
  any of the following names:

    darknet_wsConfig.cmake
    darknet_ws-config.cmake

  Add the installation prefix of "darknet_ws" to CMAKE_PREFIX_PATH or set
  "darknet_ws_DIR" to a directory containing one of the above files.  If
  "darknet_ws" provides a separate development package or SDK, be sure it has
  been installed.
[36mCall Stack (most recent call first):[0m
  CMakeLists.txt:10 (find_package)


[31m[1mCMake Error[0m at /opt/ros/kinetic/share/catkin/cmake/catkinConfig.cmake:83 (find_package):
  Could not find a package configuration file provided by "darknet_ws" with
  any of the following names:

    darknet_wsConfig.cmake
    darknet_ws-config.cmake

  Add the installation prefix of "darknet_ws" to CMAKE_PREFIX_PATH or set
  "darknet_ws_DIR" to a directory containing one of the above files.  If
  "darknet_ws" provides a separate development package or SDK, be sure it has
  been installed.
[36mCall Stack (most recent call first):[0m
  CMakeLists.txt:10 (find_package)


make: *** [cmake_check_build_system] Error 1
